This is pdfTeX, Version 3.141592653-2.6-1.40.25 (TeX Live 2023) (preloaded format=pdflatex 2023.10.11)  5 MAR 2024 16:35
entering extended mode
 restricted \write18 enabled.
 file:line:error style messages enabled.
 %&-line parsing enabled.
**"c:/Users/madgu/OneDrive/Licence/L3/Bloc Informatique/IA/Projet_IA/Rapport/Rapport.tex"
(c:/Users/madgu/OneDrive/Licence/L3/Bloc Informatique/IA/Projet_IA/Rapport/Rapport.tex
LaTeX2e <2023-06-01> patch level 1
L3 programming layer <2023-08-29>
(c:/texlive/2023/texmf-dist/tex/latex/base/article.cls
Document Class: article 2023/05/17 v1.4n Standard LaTeX document class
(c:/texlive/2023/texmf-dist/tex/latex/base/size10.clo
File: size10.clo 2023/05/17 v1.4n Standard LaTeX file (size option)
)
\c@part=\count185
\c@section=\count186
\c@subsection=\count187
\c@subsubsection=\count188
\c@paragraph=\count189
\c@subparagraph=\count190
\c@figure=\count191
\c@table=\count192
\abovecaptionskip=\skip48
\belowcaptionskip=\skip49
\bibindent=\dimen140
) (c:/texlive/2023/texmf-dist/tex/latex/l3backend/l3backend-pdftex.def
File: l3backend-pdftex.def 2024-01-04 L3 backend support: PDF output (pdfTeX)


c:/texlive/2023/texmf-dist/tex/latex/l3backend/l3backend-pdftex.def:44: LaTeX Error: Mismatched LaTeX support files detected.
(LaTeX)        Loading 'l3backend-pdftex.def' aborted!
(LaTeX)        
(LaTeX)        The L3 programming layer in the LaTeX format
(LaTeX)        is dated 2023-08-29, but in your TeX tree the files require
(LaTeX)        at least 2023-10-10.

For immediate help type H <return>.
 ...                                              
                                                  
l.44   }
        

The most likely causes are:
 - A recent format generation failed;
 - A stray format file in the user tree which needs to be removed or rebuilt;
 - You are running a manually installed version of l3backend-pdftex.def
   which is incompatible with the version in LaTeX.

LaTeX will abort loading the incompatible support files but this may lead to
later errors. Please ensure that your LaTeX format is correctly regenerated.


) (./Rapport.aux)
\openout1 = `Rapport.aux'.

LaTeX Font Info:    Checking defaults for OML/cmm/m/it on input line 6.
LaTeX Font Info:    ... okay on input line 6.
LaTeX Font Info:    Checking defaults for OMS/cmsy/m/n on input line 6.
LaTeX Font Info:    ... okay on input line 6.
LaTeX Font Info:    Checking defaults for OT1/cmr/m/n on input line 6.
LaTeX Font Info:    ... okay on input line 6.
LaTeX Font Info:    Checking defaults for T1/cmr/m/n on input line 6.
LaTeX Font Info:    ... okay on input line 6.
LaTeX Font Info:    Checking defaults for TS1/cmr/m/n on input line 6.
LaTeX Font Info:    ... okay on input line 6.
LaTeX Font Info:    Checking defaults for OMX/cmex/m/n on input line 6.
LaTeX Font Info:    ... okay on input line 6.
LaTeX Font Info:    Checking defaults for U/cmr/m/n on input line 6.
LaTeX Font Info:    ... okay on input line 6.
LaTeX Font Info:    External font `cmex10' loaded for size
(Font)              <12> on input line 8.
LaTeX Font Info:    External font `cmex10' loaded for size
(Font)              <8> on input line 8.
LaTeX Font Info:    External font `cmex10' loaded for size
(Font)              <6> on input line 8.
 [1

{c:/texlive/2023/texmf-var/fonts/map/pdftex/updmap/pdftex.map}]
No file Rapport.toc.
\tf@toc=\write3
\openout3 = `Rapport.toc'.

[2] [3] (./Rapport.aux)
 ***********
LaTeX2e <2023-06-01> patch level 1
L3 programming layer <2023-08-29>
 ***********
 ) 
Here is how much of TeX's memory you used:
 306 strings out of 474928
 4549 string characters out of 5763561
 1918785 words of memory out of 5000000
 21923 multiletter control sequences out of 15000+600000
 562016 words of font info for 49 fonts, out of 8000000 for 9000
 1141 hyphenation exceptions out of 8191
 35i,6n,54p,247b,197s stack positions out of 10000i,1000n,20000p,200000b,200000s
<c:/texlive/2023/texmf-dist/fonts/type1/public/amsfonts/cm/cmbx12.pfb><c:/texlive/2023/texmf-dist/fonts/type1/public/amsfonts/cm/cmr10.pfb><c:/texlive/2023/texmf-dist/fonts/type1/public/amsfonts/cm/cmr12.pfb><c:/texlive/2023/texmf-dist/fonts/type1/public/amsfonts/cm/cmr17.pfb>
Output written on Rapport.pdf (3 pages, 48994 bytes).
PDF statistics:
 34 PDF objects out of 1000 (max. 8388607)
 20 compressed objects within 1 object stream
 0 named destinations out of 1000 (max. 500000)
 1 words of extra memory for PDF output out of 10000 (max. 10000000)

